[INFO ] 2021-11-03 21:09:52,586 [com.cadence.mdv.imc.Main] [main] - Binding debug tools http on port: 46762
[INFO ] 2021-11-03 21:09:57,143 [com.cadence.mdv.imc.Main] [main] - Binding debug tools http on port: 33181
[INFO ] 2021-11-03 21:10:20,118 [com.cadence.mdv.imc.Main] [main] - Binding debug tools http on port: 35801
[INFO ] 2021-11-03 21:22:21,988 [com.cadence.mdv.imc.Main] [main] - Binding debug tools http on port: 36373
[ERROR] 2021-11-03 21:25:10,957 [com.cadence.mdv.bl.impl.core.marking.XmlIO] [pool-7-thread-8] - ASSERTION ParseError at [row,col]:[1,1]
Message: Content is not allowed in prolog.
[ERROR] 2021-11-03 21:25:11,080 [com.cadence.ufi.gui.util.UFIExceptionHandler] [AWT-EventQueue-0] - File /home/student/jkoczwara/VDIC/lab02/xrun_cov.rpt cannot be loaded because there is an issue related to bad XML formatting on line 1 of the file. Fix the issue, and then load the refinement file.:file.xml.cant_open_malformed_xml: File /home/student/jkoczwara/VDIC/lab02/xrun_cov.rpt cannot be loaded because there is an issue related to bad XML formatting on line 1 of the file. Fix the issue, and then load the refinement file.
[ERROR] 2021-11-03 21:25:11,080 [com.cadence.ufi.gui.util.UFIExceptionHandler] [AWT-EventQueue-0] - File /home/student/jkoczwara/VDIC/lab02/xrun_cov.rpt cannot be loaded because there is an issue related to bad XML formatting on line 1 of the file. Fix the issue, and then load the refinement file.
file.xml.cant_open_malformed_xml: File /home/student/jkoczwara/VDIC/lab02/xrun_cov.rpt cannot be loaded because there is an issue related to bad XML formatting on line 1 of the file. Fix the issue, and then load the refinement file.
	at com.cadence.mdv.bl.impl.core.marking.XmlIO.readSequentally(XmlIO.java:168)
	at com.cadence.mdv.bl.impl.core.marking.XmlIO.readStream(XmlIO.java:77)
	at com.cadence.mdv.bl.impl.core.marking.XmlIO.read(XmlIO.java:67)
	at com.cadence.mdv.bl.impl.core.marking.MarkingService.loadRefinementFile(MarkingService.java:393)
	at com.cadence.mdv.bl.impl.core.marking.MarkingService.loadRefinementFile(MarkingService.java:385)
	at com.cadence.mdv.bl.impl.core.service.BLCoreService.loadRefinementFile(BLCoreService.java:336)
	at com.cadence.mdv.IMCAnalysisContext.loadRefinementFile(IMCAnalysisContext.java:466)
	at com.cadence.mdv.MDVContextServicesImpl.loadRefinementFile(MDVContextServicesImpl.java:2387)
	at com.cadence.mdv.gui.data.GMDVContextProxy.loadRefinementFile(GMDVContextProxy.java:364)
	at com.cadence.mdv.gui.activities.GMDVActivityProcess.loadRefinementFile(GMDVActivityProcess.java:730)
	at com.cadence.mdv.gui.activities.GMDVActivityProcess$7.doWork(GMDVActivityProcess.java:1756)
	at com.cadence.mdv.gui.activities.GMDVActivityProcess$7.doWork(GMDVActivityProcess.java:1)
	at com.cadence.ufi.gui.worker.GUFITaskExecutor.doInBackground(GUFITaskExecutor.java:69)
	at javax.swing.SwingWorker$1.call(SwingWorker.java:295)
	at java.util.concurrent.FutureTask.run(FutureTask.java:266)
	at javax.swing.SwingWorker.run(SwingWorker.java:334)
	at java.util.concurrent.Executors$RunnableAdapter.call(Executors.java:511)
	at java.util.concurrent.FutureTask.run(FutureTask.java:266)
	at java.util.concurrent.ThreadPoolExecutor.runWorker(ThreadPoolExecutor.java:1149)
	at java.util.concurrent.ThreadPoolExecutor$Worker.run(ThreadPoolExecutor.java:624)
	at java.lang.Thread.run(Thread.java:748)
[INFO ] 2021-11-03 21:25:35,644 [com.cadence.mdv.imc.Main] [main] - Binding debug tools http on port: 40876
[INFO ] 2021-11-03 21:25:39,963 [com.cadence.mdv.imc.Main] [main] - Binding debug tools http on port: 43934
[INFO ] 2021-11-03 21:25:57,669 [com.cadence.mdv.imc.Main] [main] - Binding debug tools http on port: 39852
[INFO ] 2021-11-03 21:50:32,176 [com.cadence.mdv.imc.Main] [main] - Binding debug tools http on port: 41352
[INFO ] 2021-11-03 21:50:36,569 [com.cadence.mdv.imc.Main] [main] - Binding debug tools http on port: 34552
[INFO ] 2021-11-03 21:50:59,774 [com.cadence.mdv.imc.Main] [main] - Binding debug tools http on port: 42848
[INFO ] 2021-11-03 21:55:39,497 [com.cadence.mdv.imc.Main] [main] - Binding debug tools http on port: 44272
[INFO ] 2021-11-03 21:55:44,283 [com.cadence.mdv.imc.Main] [main] - Binding debug tools http on port: 38035
[INFO ] 2021-11-03 21:55:55,077 [com.cadence.mdv.imc.Main] [main] - Binding debug tools http on port: 40382
[INFO ] 2021-11-03 21:57:22,228 [com.cadence.mdv.imc.Main] [main] - Binding debug tools http on port: 43956
[INFO ] 2021-11-03 21:57:27,106 [com.cadence.mdv.imc.Main] [main] - Binding debug tools http on port: 35903
[INFO ] 2021-11-03 21:57:35,204 [com.cadence.mdv.imc.Main] [main] - Binding debug tools http on port: 35307
[INFO ] 2021-11-03 22:13:07,346 [com.cadence.mdv.imc.Main] [main] - Binding debug tools http on port: 46560
[INFO ] 2021-11-03 22:13:11,615 [com.cadence.mdv.imc.Main] [main] - Binding debug tools http on port: 46386
[INFO ] 2021-11-03 22:13:21,558 [com.cadence.mdv.imc.Main] [main] - Binding debug tools http on port: 33125
[INFO ] 2021-11-03 22:17:24,986 [com.cadence.mdv.imc.Main] [main] - Binding debug tools http on port: 45259
[INFO ] 2021-11-03 22:17:29,176 [com.cadence.mdv.imc.Main] [main] - Binding debug tools http on port: 37350
[INFO ] 2021-11-03 22:17:39,642 [com.cadence.mdv.imc.Main] [main] - Binding debug tools http on port: 35873
[INFO ] 2021-11-03 22:19:01,890 [com.cadence.mdv.imc.Main] [main] - Binding debug tools http on port: 39406
[INFO ] 2021-11-03 22:19:06,206 [com.cadence.mdv.imc.Main] [main] - Binding debug tools http on port: 42882
[INFO ] 2021-11-03 22:19:14,001 [com.cadence.mdv.imc.Main] [main] - Binding debug tools http on port: 45174
[INFO ] 2021-11-03 22:21:26,976 [com.cadence.mdv.imc.Main] [main] - Binding debug tools http on port: 37931
[INFO ] 2021-11-03 22:21:31,261 [com.cadence.mdv.imc.Main] [main] - Binding debug tools http on port: 43841
[INFO ] 2021-11-03 22:21:38,495 [com.cadence.mdv.imc.Main] [main] - Binding debug tools http on port: 40298
[INFO ] 2021-11-03 22:24:24,621 [com.cadence.mdv.imc.Main] [main] - Binding debug tools http on port: 33947
[INFO ] 2021-11-03 22:24:29,408 [com.cadence.mdv.imc.Main] [main] - Binding debug tools http on port: 37945
[INFO ] 2021-11-03 22:24:37,174 [com.cadence.mdv.imc.Main] [main] - Binding debug tools http on port: 40663
[INFO ] 2021-11-03 22:26:16,458 [com.cadence.mdv.imc.Main] [main] - Binding debug tools http on port: 44311
[INFO ] 2021-11-03 22:26:20,654 [com.cadence.mdv.imc.Main] [main] - Binding debug tools http on port: 38933
[INFO ] 2021-11-03 22:26:33,034 [com.cadence.mdv.imc.Main] [main] - Binding debug tools http on port: 44224
[INFO ] 2021-11-03 22:28:06,976 [com.cadence.mdv.imc.Main] [main] - Binding debug tools http on port: 46127
[INFO ] 2021-11-03 22:28:11,184 [com.cadence.mdv.imc.Main] [main] - Binding debug tools http on port: 35023
[INFO ] 2021-11-03 22:28:20,259 [com.cadence.mdv.imc.Main] [main] - Binding debug tools http on port: 40662
[INFO ] 2021-11-03 22:31:57,977 [com.cadence.mdv.imc.Main] [main] - Binding debug tools http on port: 43686
[INFO ] 2021-11-03 22:32:02,212 [com.cadence.mdv.imc.Main] [main] - Binding debug tools http on port: 44481
[INFO ] 2021-11-03 22:32:10,346 [com.cadence.mdv.imc.Main] [main] - Binding debug tools http on port: 43231
[INFO ] 2021-11-03 23:03:40,495 [com.cadence.mdv.imc.Main] [main] - Binding debug tools http on port: 36983
[INFO ] 2021-11-03 23:03:44,780 [com.cadence.mdv.imc.Main] [main] - Binding debug tools http on port: 43096
[INFO ] 2021-11-03 23:03:53,614 [com.cadence.mdv.imc.Main] [main] - Binding debug tools http on port: 35564
[INFO ] 2021-11-03 23:10:14,574 [com.cadence.mdv.imc.Main] [main] - Binding debug tools http on port: 45526
[INFO ] 2021-11-03 23:10:18,908 [com.cadence.mdv.imc.Main] [main] - Binding debug tools http on port: 44768
[INFO ] 2021-11-03 23:10:28,326 [com.cadence.mdv.imc.Main] [main] - Binding debug tools http on port: 39146
[INFO ] 2021-11-03 23:13:33,991 [com.cadence.mdv.imc.Main] [main] - Binding debug tools http on port: 43971
[INFO ] 2021-11-03 23:13:38,201 [com.cadence.mdv.imc.Main] [main] - Binding debug tools http on port: 35632
[INFO ] 2021-11-03 23:13:48,257 [com.cadence.mdv.imc.Main] [main] - Binding debug tools http on port: 34757
[INFO ] 2021-11-03 23:20:40,925 [com.cadence.mdv.imc.Main] [main] - Binding debug tools http on port: 39519
[INFO ] 2021-11-03 23:20:45,184 [com.cadence.mdv.imc.Main] [main] - Binding debug tools http on port: 43732
[INFO ] 2021-11-03 23:20:52,915 [com.cadence.mdv.imc.Main] [main] - Binding debug tools http on port: 37785
[INFO ] 2021-11-04 00:07:53,487 [com.cadence.mdv.imc.Main] [main] - Binding debug tools http on port: 44894
[INFO ] 2021-11-04 00:08:33,365 [com.cadence.mdv.imc.Main] [main] - Binding debug tools http on port: 40791
[INFO ] 2021-11-04 00:08:37,641 [com.cadence.mdv.imc.Main] [main] - Binding debug tools http on port: 36435
[INFO ] 2021-11-04 00:08:44,979 [com.cadence.mdv.imc.Main] [main] - Binding debug tools http on port: 40494
[INFO ] 2021-11-04 00:15:02,188 [com.cadence.mdv.imc.Main] [main] - Binding debug tools http on port: 46467
[INFO ] 2021-11-04 00:15:06,615 [com.cadence.mdv.imc.Main] [main] - Binding debug tools http on port: 35308
[INFO ] 2021-11-04 00:15:14,726 [com.cadence.mdv.imc.Main] [main] - Binding debug tools http on port: 43935
[INFO ] 2021-11-04 14:11:38,249 [com.cadence.mdv.imc.Main] [main] - Binding debug tools http on port: 41915
[INFO ] 2021-11-04 14:11:42,384 [com.cadence.mdv.imc.Main] [main] - Binding debug tools http on port: 33537
[INFO ] 2021-11-04 14:11:54,331 [com.cadence.mdv.imc.Main] [main] - Binding debug tools http on port: 34963
[INFO ] 2021-11-04 14:53:46,116 [com.cadence.mdv.imc.Main] [main] - Binding debug tools http on port: 42681
[INFO ] 2021-11-04 14:53:50,232 [com.cadence.mdv.imc.Main] [main] - Binding debug tools http on port: 43515
[INFO ] 2021-11-04 14:53:57,485 [com.cadence.mdv.imc.Main] [main] - Binding debug tools http on port: 37150
[INFO ] 2021-11-04 15:00:36,576 [com.cadence.mdv.imc.Main] [main] - Binding debug tools http on port: 41308
[INFO ] 2021-11-04 15:00:41,282 [com.cadence.mdv.imc.Main] [main] - Binding debug tools http on port: 36639
[INFO ] 2021-11-04 15:00:51,924 [com.cadence.mdv.imc.Main] [main] - Binding debug tools http on port: 36838
[INFO ] 2021-11-04 15:13:33,039 [com.cadence.mdv.imc.Main] [main] - Binding debug tools http on port: 41868
[ERROR] 2021-11-04 15:13:33,191 [com.cadence.mdv.messaging.MDVASynchronicMessaging] [frontend-pool-1] - Cannot read directory 'cov_work/scope/merged_results'. Check if the directory has read permission, and rerun the command	   
[ERROR] 2021-11-04 15:13:33,208 [com.cadence.mdv.messaging.MDVASynchronicMessaging] [frontend-pool-1] - Valid model file not found for run directory cov_work/scope/merged_results. Specify a valid run directory with correct ucm, ucd files and rerun the command.
[INFO ] 2021-11-04 15:22:09,114 [com.cadence.mdv.imc.Main] [main] - Binding debug tools http on port: 44869
[INFO ] 2021-11-04 15:22:13,159 [com.cadence.mdv.imc.Main] [main] - Binding debug tools http on port: 36355
[INFO ] 2021-11-04 15:22:22,972 [com.cadence.mdv.imc.Main] [main] - Binding debug tools http on port: 39538
[INFO ] 2021-11-04 15:25:00,208 [com.cadence.mdv.imc.Main] [main] - Binding debug tools http on port: 39929
[INFO ] 2021-11-04 15:25:03,999 [com.cadence.mdv.imc.Main] [main] - Binding debug tools http on port: 46701
[INFO ] 2021-11-04 15:25:10,628 [com.cadence.mdv.imc.Main] [main] - Binding debug tools http on port: 36983
[INFO ] 2021-11-04 15:30:24,324 [com.cadence.mdv.imc.Main] [main] - Binding debug tools http on port: 36085
[INFO ] 2021-11-04 15:30:28,130 [com.cadence.mdv.imc.Main] [main] - Binding debug tools http on port: 35428
[INFO ] 2021-11-04 15:30:37,451 [com.cadence.mdv.imc.Main] [main] - Binding debug tools http on port: 37328
[INFO ] 2021-11-04 15:31:01,401 [com.cadence.mdv.imc.Main] [main] - Binding debug tools http on port: 35547
[INFO ] 2021-11-04 15:31:05,296 [com.cadence.mdv.imc.Main] [main] - Binding debug tools http on port: 37353
[INFO ] 2021-11-04 15:31:24,473 [com.cadence.mdv.imc.Main] [main] - Binding debug tools http on port: 37740
[INFO ] 2021-11-04 15:31:28,412 [com.cadence.mdv.imc.Main] [main] - Binding debug tools http on port: 45084
[INFO ] 2021-11-04 15:31:37,111 [com.cadence.mdv.imc.Main] [main] - Binding debug tools http on port: 39313
[INFO ] 2021-11-04 15:32:27,112 [com.cadence.mdv.imc.Main] [main] - Binding debug tools http on port: 36579
[INFO ] 2021-11-04 15:32:31,039 [com.cadence.mdv.imc.Main] [main] - Binding debug tools http on port: 41472
[INFO ] 2021-11-04 15:33:14,060 [com.cadence.mdv.imc.Main] [main] - Binding debug tools http on port: 41011
[INFO ] 2021-11-04 15:33:17,881 [com.cadence.mdv.imc.Main] [main] - Binding debug tools http on port: 37070
[INFO ] 2021-11-04 15:33:25,900 [com.cadence.mdv.imc.Main] [main] - Binding debug tools http on port: 43786
[INFO ] 2021-11-04 15:57:18,889 [com.cadence.mdv.imc.Main] [main] - Binding debug tools http on port: 42782
[INFO ] 2021-11-04 15:57:22,826 [com.cadence.mdv.imc.Main] [main] - Binding debug tools http on port: 43751
