*** Start analyzing build configuration ***
*** List of included argument files ***
    Build configuration file:  /home/student/jkoczwara/VDIC/.dvt/lab02.build
    -F /home/student/jkoczwara/VDIC/lab02/tb.f
        -F /home/student/jkoczwara/VDIC/lab02/dut.f
*** Done analyzing build configuration [104 ms] ***

*** Start SystemVerilog build ***
*** Invocation #1***
Loading (1) /home/student/jkoczwara/VDIC/lab02/alu/mtm_Alu.vp ...
Done /home/student/jkoczwara/VDIC/lab02/alu/mtm_Alu.vp [121 ms, 474 lines, SystemVerilog_2012] ...
Loading (2) /home/student/jkoczwara/VDIC/lab02/alu_tb.sv ...
Done /home/student/jkoczwara/VDIC/lab02/alu_tb.sv [94 ms, 778 lines, SystemVerilog_2012] ...
*** Done invocation #1 [193 ms] ***
*** Done parsing [LT 95.0 ms, PT 193.0 ms] ***
*** Total number of lines [1 252] ***
Performing post full build actions ...
Performing post full build step 1 (SRI) [0 ms] ...
Performing post full build step 2 (RI) [0 ms] ...
Performing post full build step 3 (RCP) [0 ms] ...
*** Done SystemVerilog build [250 ms] ***

*** Start mixed mode extension build ***
Performing mixed post full build step 1 (Verilog - RI) [0 ms] ...
Performing mixed post full build step 2 (Verilog - RC) [0 ms] ...
Performing mixed post full build step 3 (Verilog - RPC) [2 ms] ...
Performing mixed post full build step 4 (Verilog - RD) [10 ms] ...
Performing mixed post full build step 5 (Verilog - FSC) [67 ms] ...
Performing mixed post full build step 6 (Verilog - EV) [60 ms] ...
Performing mixed post full build step 7 (Verilog - US) [52 ms] ...
*** Done mixed mode extension build [557 ms] ***
*** Start adding/validating the DVT Auto-Linked resources ***
*** Done adding/validating the DVT Auto-Linked resources [4 ms] ***
*** Total build time [918 ms] ***
