xrun: 19.09-s003: (c) Copyright 1995-2019 Cadence Design Systems, Inc.
TOOL:	xrun	19.09-s003: Started on Oct 13, 2021 at 22:47:11 CEST
xrun
	-f apple_tb.f
		apple.v
		apple_tb.v
	-lineddebug
	-debug
	-gui
	-fsmdebug
xrun: *W,CLIB: The following -l<libname> options, specified to link dynamic C library, are found redundant: 
-lineddebug
.
file: apple.v
	module worklib.apple:v
		errors: 0, warnings: 0
file: apple_tb.v
	module worklib.apple_tb:v
		errors: 0, warnings: 0
		Caching library 'worklib' ....... Done
	Elaborating the design hierarchy:
	Top level design units:
		apple_tb

	Extracting FSMs:
		worklib.apple
		worklib.apple_tb
	Total FSMs extracted = 0
	Building instance overlay tables: .................... Done
	Generating native compiled code:
		worklib.apple:v <0x3ea07ba7>
			streams:   2, words:   299
	Building instance specific data structures.
	Loading native compiled code:     .................... Done
	Design hierarchy summary:
		        Instances  Unique
		Modules:        2       2
		Registers:      1       1
		Scalar wires:   4       -
		Always blocks:  1       1
	Writing initial simulation snapshot: worklib.apple_tb:v

-------------------------------------
Relinquished control to SimVision...
xcelium> 
xcelium> source /cad/XCELIUM1909/tools/xcelium/files/xmsimrc
xcelium> ^C
xcelium> exit
TOOL:	xrun	19.09-s003: Exiting on Oct 13, 2021 at 22:49:07 CEST  (total: 00:01:56)
