/cad/XCELIUM1909/tools.lnx86/inca/bin/xmsim
Obtained 38 stack frames.
/cad/XCELIUM1909/tools.lnx86/inca/bin/../../lib/libcbreakpad.so(_Z13use_backtracev+0xa1) [0xf75a27bd]
/cad/XCELIUM1909/tools.lnx86/inca/bin/../../lib/libcbreakpad.so(cbpad_generate_dump_on_demand+0x84) [0xf75a2b34]
xmsim() [0x90e5a5d]
xmsim(serror+0x1a) [0x90e6dda]
xmsim() [0x85411b8]
[0xf7790410]
xmsim() [0x85c6c9a]
xmsim() [0x85be4f7]
xmsim() [0x86b50fd]
xmsim() [0x8c2c47a]
xmsim() [0x8c35789]
xmsim() [0x8c7422a]
xmsim(sslu_traverse_scopes+0x570) [0x8748310]
xmsim(sslu_traverse_scopes+0xef0) [0x8748c90]
xmsim() [0x8c560dd]
xmsim() [0x8c75d9d]
xmsim() [0x817429c]
xmsim() [0x80de7c5]
xmsim() [0x81091e7]
xmsim() [0x848aae2]
xmsim(TclInvokeStringCommand+0x7c) [0x8ab0e9c]
xmsim() [0x8ab0925]
xmsim() [0x8ab62b3]
xmsim(Tcl_EvalObjv+0x3d) [0x8ab632d]
xmsim() [0x8ab88d3]
xmsim(Tcl_EvalEx+0x1e) [0x8ab8d2e]
xmsim() [0x8ab8ee5]
xmsim() [0x8ab9144]
xmsim(Tcl_EvalObjEx+0x24) [0x8ab9184]
xmsim(Tcl_RecordAndEvalObj+0xc4) [0x8b59d34]
xmsim(Tcl_RecordAndEval+0x44) [0x8b59f14]
xmsim() [0x848f401]
xmsim() [0x80e0887]
xmsim() [0x80ef5ec]
xmsim(ncmain+0x96) [0x80e25ff]
xmsim(main+0x24) [0x97b3808]
/lib/libc.so.6(__libc_start_main+0xe8) [0xbe1d28]
xmsim() [0x8081d0d]
