TOOL:	xrun	19.09-s003: Started on Oct 24, 2021 at 19:35:24 CEST
xrun
	-compile
	-l xrun_compile.log
	-F tb.f
		-F ./dut.f
			alu/mtm_Alu.vp
		alu_tb.sv
	-v93
	-define DEBUG
	+nowarnDSEM2009
	+nowarnDSEMEL
	+nowarnCGDEFN
	-xmlibdirname INCA_libs_gui
	+access+r
	+gui
	+overwrite
	-nocopyright
file: ./alu/mtm_Alu.vp
	module worklib.mtm_Alu:vp
		errors: 0, warnings: 0
		errors: 0, warnings: 0
		errors: 0, warnings: 0
		errors: 0, warnings: 0
file: ./alu_tb.sv
	module worklib.top:sv
		errors: 0, warnings: 0
TOOL:	xrun	19.09-s003: Exiting on Oct 24, 2021 at 19:35:25 CEST  (total: 00:00:01)
