*I,RUNLD: Successfully loaded run /home/student/jkoczwara/VDIC/lab07/cov_work/scope/minmax_arg_test.
*I,MERGL1: Merging Simulation Coverage ...
----------------------------
*I,MERGL1: Preparing target model ...
*I,MERGL1: Reading model of primary run (cov_work/scope/random_test) as initial model: cov_work/scope/icc_6f5793a5_307e596d.ucm
*I,MERGL1: Target model generated successfully.
*I,MERGL1: Projecting Simulation ucd data into the target model ...
*I,MERGL2:   cov_work/scope/random_test:
*I,MERGL3:       Data is projected in to the target model.
*I,MERGL2:   cov_work/scope/minmax_arg_test:
*I,MERGL3:       Data is projected in to the target model.
*I,MERGL1: Writing output database cov_work/scope/merged_results:
*I,MERGL2:   Model: cov_work/scope/merged_results/icc_6f5793a5_307e596d.ucm
*I,MERGL2:   Data : cov_work/scope/merged_results/icc_6f5793a5_307e596d.ucd
*I,MERGL1: No Specman coverage databases found in the runs.
Total conflicts during target model creation: 0
Total items not merged                      : 0
Total runs not considered during target model creation: 0
Total runs not merged                                 : 0
*I,RUNLD: Successfully loaded run /home/student/jkoczwara/VDIC/lab07/cov_work/scope/merged_results.
*W,REPDEP: This is a legacy report and no future enhancement is planned for this report. It is recommended that you use the 'report_metrics' command and generate a dynamic report.
name                                     Overall Average      Overall Covered      Code Average         Code Covered         Fsm Average          Fsm Covered          Functional Average   Functional Covered   
-----------------------------------------------------------------------------------------------------------------------------------------------------------------------------------------------------------------
uvm_pkg                                  n/a                  n/a                  n/a                  n/a                  n/a                  n/a                  n/a                  n/a                  
|--uvm_test_top                          n/a                  n/a                  n/a                  n/a                  n/a                  n/a                  n/a                  n/a                  
| |--env_h                               n/a                  n/a                  n/a                  n/a                  n/a                  n/a                  n/a                  n/a                  
| | |--coverage_h                        83.33%               82.52% (85/103)      n/a                  n/a                  n/a                  n/a                  83.33%               82.52% (85/103)      
top                                      100.00%              100.00% (2/2)        100.00%              100.00% (2/2)        n/a                  n/a                  n/a                  n/a                  
|--u_mtm_Alu                             98.21%               98.21% (55/56)       98.21%               98.21% (55/56)       n/a                  n/a                  n/a                  n/a                  
|--bfm                                   94.37%               93.54% (739/790/16)  94.37%               93.54% (739/790/16)  n/a                  n/a                  n/a                  n/a                  
